INFO 1 Microsoft.Hosting.Lifetime - Now listening on: https://localhost:5001
INFO 1 Microsoft.Hosting.Lifetime - Now listening on: http://localhost:5000
INFO 1 Microsoft.Hosting.Lifetime - Application started. Press Ctrl+C to shut down.
INFO 1 Microsoft.Hosting.Lifetime - Hosting environment: Development
INFO 1 Microsoft.Hosting.Lifetime - Content root path: C:\Programowanie\Praca\Praktyki Hart Sp. z o.o\Projects\LinkedInLib\LinkedInSalesToolGUI\LinkedInSalesToolGUI
INFO 8 LinkedInLib.LinkedInController - First render of index page completed
INFO 17 LinkedInLib.LinkedInController - First render of index page completed
INFO 19 LinkedInLib.LinkedInController - First render of index page completed
INFO 13 LinkedInLib.LinkedInController - First render of index page completed
INFO 24 LinkedInLib.LinkedInController - Account doesn't exist in db
INFO 24 LinkedInLib.LinkedInController - Visited url: https://www.linkedin.com/
INFO 24 LinkedInLib.LinkedInController - You're currently logged out
INFO 24 LinkedInLib.LinkedInController - Visited url: https://www.linkedin.com/
INFO 24 LinkedInLib.LinkedInController - You're currently logged out
ERROR 24 LinkedInLib.LinkedInController - Couldn't log in using: {account.email}
INFO 24 LinkedInLib.LinkedInController - Waiting for user to log in as Kevin@trashmail.fr
INFO 1 Microsoft.Hosting.Lifetime - Now listening on: https://localhost:5001
INFO 1 Microsoft.Hosting.Lifetime - Now listening on: http://localhost:5000
INFO 1 Microsoft.Hosting.Lifetime - Application started. Press Ctrl+C to shut down.
INFO 1 Microsoft.Hosting.Lifetime - Hosting environment: Development
INFO 1 Microsoft.Hosting.Lifetime - Content root path: C:\Programowanie\Praca\Praktyki Hart Sp. z o.o\Projects\LinkedInLib\LinkedInSalesToolGUI\LinkedInSalesToolGUI
INFO 10 LinkedInLib.LinkedInController - First render of index page completed
INFO 15 LinkedInLib.LinkedInController - Account doesn't exist in db
INFO 15 LinkedInLib.LinkedInController - Visited url: https://www.linkedin.com/
INFO 15 LinkedInLib.LinkedInController - You're currently logged out
INFO 15 LinkedInLib.LinkedInController - Visited url: https://www.linkedin.com/
INFO 15 LinkedInLib.LinkedInController - You're currently logged out
ERROR 15 LinkedInLib.LinkedInController - Couldn't log in using: Kevin@trashmail.fr
INFO 15 LinkedInLib.LinkedInController - Waiting for user to log in as Kevin@trashmail.fr
INFO 15 LinkedInLib.LinkedInController - You tried to visit current page! (if you wanted to refresh use driver.Navigate().Refresh())
INFO 15 LinkedInLib.LinkedInController - You're currently logged out
INFO 15 LinkedInLib.LinkedInController - Visited url: https://www.linkedin.com/
INFO 15 LinkedInLib.LinkedInController - You're currently logged in
INFO 15 LinkedInLib.LinkedInController - Logged in using: Kevin@trashmail.fr
INFO 15 LinkedInLib.LinkedInController - logged in successfully
INFO 15 LinkedInLib.LinkedInController - You're currently logged in
INFO 15 LinkedInLib.LinkedInController - Account name is Kevin Toster
INFO 16 LinkedInLib.LinkedInController - You're currently logged in
INFO 16 LinkedInLib.LinkedInController - Visited url: https://www.linkedin.com/m/logout
INFO 16 LinkedInLib.LinkedInController - Visited url: https://www.linkedin.com/
INFO 16 LinkedInLib.LinkedInController - You're currently logged in
INFO 16 LinkedInLib.LinkedInController - Logged in using: Kevin@trashmail.fr
INFO 16 LinkedInLib.LinkedInController - Client doesn't exist in db
INFO 16 LinkedInLib.LinkedInController - Visited url: https://www.linkedin.com/in/wiktoradamczyk/
INFO 16 LinkedInLib.LinkedInController - Received user name is: Wiktor Adamczyk
INFO 16 LinkedInLib.LinkedInController - Account_client inserted
INFO 16 LinkedInLib.LinkedInController - Client doesn't exist in db
INFO 16 LinkedInLib.LinkedInController - Visited url: https://www.linkedin.com/in/koby-tester-8b6343219/
INFO 16 LinkedInLib.LinkedInController - Received user name is: Koby Tester
INFO 16 LinkedInLib.LinkedInController - Account_client inserted
INFO 16 LinkedInLib.LinkedInController - Client doesn't exist in db
INFO 16 LinkedInLib.LinkedInController - Visited url: https://www.linkedin.com/in/kevin-toster-2213b3219/
INFO 16 LinkedInLib.LinkedInController - Received user name is: Kevin Toster
INFO 16 LinkedInLib.LinkedInController - Account_client inserted
INFO 19 LinkedInLib.LinkedInController - Removed account_client with Client Id: 3 from database
INFO 19 LinkedInLib.LinkedInController - Removed messages between Account Id: 1 and Client Id: 3 from database
INFO 19 LinkedInLib.LinkedInController - Removed client with id:3
